2019-04-13 21:06:41,672 - INFO - allennlp.common.params - evaluate_on_test = False
2019-04-13 21:06:41,672 - INFO - allennlp.common.from_params - instantiating class <class 'allennlp.data.dataset_readers.dataset_reader.DatasetReader'> from params {'type': 'pos-tutorial'} and extras set()
2019-04-13 21:06:41,672 - INFO - allennlp.common.params - dataset_reader.type = pos-tutorial
2019-04-13 21:06:41,672 - INFO - allennlp.common.from_params - instantiating class <class 'hw4.PosDatasetReader'> from params {} and extras set()
2019-04-13 21:06:41,673 - INFO - allennlp.common.params - dataset_reader.token_indexers = <allennlp.common.params.Params object at 0x7fc653a4af98>
2019-04-13 21:06:41,673 - INFO - allennlp.common.params - validation_dataset_reader = None
2019-04-13 21:06:41,673 - INFO - allennlp.common.params - train_data_path = data/names
2019-04-13 21:06:41,673 - INFO - allennlp.training.util - Reading training data from data/names
2019-04-13 21:06:42,421 - INFO - allennlp.common.params - validation_data_path = data/names
2019-04-13 21:06:42,421 - INFO - allennlp.training.util - Reading validation data from data/names
2019-04-13 21:06:43,145 - INFO - allennlp.common.params - test_data_path = None
2019-04-13 21:06:43,145 - INFO - allennlp.training.trainer - From dataset instances, train, validation will be considered for vocabulary creation.
2019-04-13 21:06:43,145 - INFO - allennlp.common.params - vocabulary.type = None
2019-04-13 21:06:43,145 - INFO - allennlp.common.params - vocabulary.extend = False
2019-04-13 21:06:43,145 - INFO - allennlp.common.params - vocabulary.directory_path = None
2019-04-13 21:06:43,145 - INFO - allennlp.common.params - vocabulary.min_count = None
2019-04-13 21:06:43,145 - INFO - allennlp.common.params - vocabulary.max_vocab_size = None
2019-04-13 21:06:43,145 - INFO - allennlp.common.params - vocabulary.non_padded_namespaces = ('*tags', '*labels')
2019-04-13 21:06:43,145 - INFO - allennlp.common.params - vocabulary.min_pretrained_embeddings = None
2019-04-13 21:06:43,145 - INFO - allennlp.common.params - vocabulary.only_include_pretrained_words = False
2019-04-13 21:06:43,145 - INFO - allennlp.common.params - vocabulary.tokens_to_add = None
2019-04-13 21:06:43,145 - INFO - allennlp.data.vocabulary - Fitting token dictionary from dataset.
2019-04-13 21:06:43,408 - INFO - allennlp.common.from_params - instantiating class <class 'allennlp.models.model.Model'> from params {'encoder': {'hidden_size': 6, 'input_size': 6, 'type': 'lstm'}, 'type': 'lstm-tagger', 'word_embeddings': {'token_embedders': {'tokens': {'embedding_dim': 6, 'type': 'embedding'}}}} and extras {'vocab'}
2019-04-13 21:06:43,409 - INFO - allennlp.common.params - model.type = lstm-tagger
2019-04-13 21:06:43,409 - INFO - allennlp.common.from_params - instantiating class <class 'hw4.RNN'> from params {'encoder': {'hidden_size': 6, 'input_size': 6, 'type': 'lstm'}, 'word_embeddings': {'token_embedders': {'tokens': {'embedding_dim': 6, 'type': 'embedding'}}}} and extras {'vocab'}
2019-04-13 21:06:43,409 - INFO - allennlp.common.from_params - instantiating class <class 'allennlp.modules.text_field_embedders.text_field_embedder.TextFieldEmbedder'> from params {'token_embedders': {'tokens': {'embedding_dim': 6, 'type': 'embedding'}}} and extras {'vocab'}
2019-04-13 21:06:43,409 - INFO - allennlp.common.params - model.word_embeddings.type = basic
2019-04-13 21:06:43,409 - INFO - allennlp.common.params - model.word_embeddings.embedder_to_indexer_map = None
2019-04-13 21:06:43,410 - INFO - allennlp.common.params - model.word_embeddings.allow_unmatched_keys = False
2019-04-13 21:06:43,410 - INFO - allennlp.common.from_params - instantiating class <class 'allennlp.modules.token_embedders.token_embedder.TokenEmbedder'> from params {'embedding_dim': 6, 'type': 'embedding'} and extras {'vocab'}
2019-04-13 21:06:43,410 - INFO - allennlp.common.params - model.word_embeddings.token_embedders.tokens.type = embedding
2019-04-13 21:06:43,410 - INFO - allennlp.common.params - model.word_embeddings.token_embedders.tokens.num_embeddings = None
2019-04-13 21:06:43,410 - INFO - allennlp.common.params - model.word_embeddings.token_embedders.tokens.vocab_namespace = tokens
2019-04-13 21:06:43,410 - INFO - allennlp.common.params - model.word_embeddings.token_embedders.tokens.embedding_dim = 6
2019-04-13 21:06:43,410 - INFO - allennlp.common.params - model.word_embeddings.token_embedders.tokens.pretrained_file = None
2019-04-13 21:06:43,410 - INFO - allennlp.common.params - model.word_embeddings.token_embedders.tokens.projection_dim = None
2019-04-13 21:06:43,410 - INFO - allennlp.common.params - model.word_embeddings.token_embedders.tokens.trainable = True
2019-04-13 21:06:43,410 - INFO - allennlp.common.params - model.word_embeddings.token_embedders.tokens.padding_index = None
2019-04-13 21:06:43,410 - INFO - allennlp.common.params - model.word_embeddings.token_embedders.tokens.max_norm = None
2019-04-13 21:06:43,410 - INFO - allennlp.common.params - model.word_embeddings.token_embedders.tokens.norm_type = 2.0
2019-04-13 21:06:43,411 - INFO - allennlp.common.params - model.word_embeddings.token_embedders.tokens.scale_grad_by_freq = False
2019-04-13 21:06:43,411 - INFO - allennlp.common.params - model.word_embeddings.token_embedders.tokens.sparse = False
2019-04-13 21:06:43,411 - INFO - allennlp.common.from_params - instantiating class <class 'allennlp.modules.seq2seq_encoders.seq2seq_encoder.Seq2SeqEncoder'> from params {'hidden_size': 6, 'input_size': 6, 'type': 'lstm'} and extras {'vocab'}
2019-04-13 21:06:43,412 - INFO - allennlp.common.params - model.encoder.type = lstm
2019-04-13 21:06:43,412 - INFO - allennlp.common.params - model.encoder.batch_first = True
2019-04-13 21:06:43,412 - INFO - allennlp.common.params - model.encoder.stateful = False
2019-04-13 21:06:43,412 - INFO - allennlp.common.params - Converting Params object to dict; logging of default values will not occur when dictionary parameters are used subsequently.
2019-04-13 21:06:43,412 - INFO - allennlp.common.params - CURRENTLY DEFINED PARAMETERS: 
2019-04-13 21:06:43,412 - INFO - allennlp.common.params - model.encoder.hidden_size = 6
2019-04-13 21:06:43,412 - INFO - allennlp.common.params - model.encoder.input_size = 6
2019-04-13 21:06:43,412 - INFO - allennlp.common.params - model.encoder.batch_first = True
2019-04-13 21:06:43,413 - INFO - allennlp.common.from_params - instantiating class <class 'allennlp.data.iterators.data_iterator.DataIterator'> from params {'batch_size': 2, 'sorting_keys': [['word', 'num_tokens']], 'type': 'bucket'} and extras set()
2019-04-13 21:06:43,413 - INFO - allennlp.common.params - iterator.type = bucket
2019-04-13 21:06:43,414 - INFO - allennlp.common.from_params - instantiating class <class 'allennlp.data.iterators.bucket_iterator.BucketIterator'> from params {'batch_size': 2, 'sorting_keys': [['word', 'num_tokens']]} and extras set()
2019-04-13 21:06:43,414 - INFO - allennlp.common.params - iterator.sorting_keys = [['word', 'num_tokens']]
2019-04-13 21:06:43,414 - INFO - allennlp.common.params - iterator.padding_noise = 0.1
2019-04-13 21:06:43,414 - INFO - allennlp.common.params - iterator.biggest_batch_first = False
2019-04-13 21:06:43,414 - INFO - allennlp.common.params - iterator.batch_size = 2
2019-04-13 21:06:43,414 - INFO - allennlp.common.params - iterator.instances_per_epoch = None
2019-04-13 21:06:43,414 - INFO - allennlp.common.params - iterator.max_instances_in_memory = None
2019-04-13 21:06:43,414 - INFO - allennlp.common.params - iterator.cache_instances = False
2019-04-13 21:06:43,414 - INFO - allennlp.common.params - iterator.track_epoch = False
2019-04-13 21:06:43,414 - INFO - allennlp.common.params - iterator.maximum_samples_per_batch = None
2019-04-13 21:06:43,414 - INFO - allennlp.common.params - validation_iterator = None
2019-04-13 21:06:43,415 - INFO - allennlp.common.params - trainer.no_grad = ()
2019-04-13 21:06:43,415 - INFO - allennlp.training.trainer - Following parameters are Frozen  (without gradient):
2019-04-13 21:06:43,415 - INFO - allennlp.training.trainer - Following parameters are Tunable (with gradient):
2019-04-13 21:06:43,415 - INFO - allennlp.training.trainer - word_embeddings.token_embedder_tokens.weight
2019-04-13 21:06:43,415 - INFO - allennlp.training.trainer - encoder._module.weight_ih_l0
2019-04-13 21:06:43,415 - INFO - allennlp.training.trainer - encoder._module.weight_hh_l0
2019-04-13 21:06:43,415 - INFO - allennlp.training.trainer - encoder._module.bias_ih_l0
2019-04-13 21:06:43,415 - INFO - allennlp.training.trainer - encoder._module.bias_hh_l0
2019-04-13 21:06:43,415 - INFO - allennlp.training.trainer - hidden2tag.weight
2019-04-13 21:06:43,415 - INFO - allennlp.training.trainer - hidden2tag.bias
2019-04-13 21:06:43,415 - INFO - allennlp.common.params - trainer.patience = 10
2019-04-13 21:06:43,415 - INFO - allennlp.common.params - trainer.validation_metric = -loss
2019-04-13 21:06:43,415 - INFO - allennlp.common.params - trainer.shuffle = True
2019-04-13 21:06:43,415 - INFO - allennlp.common.params - trainer.num_epochs = 10
2019-04-13 21:06:43,415 - INFO - allennlp.common.params - trainer.cuda_device = -1
2019-04-13 21:06:43,415 - INFO - allennlp.common.params - trainer.grad_norm = None
2019-04-13 21:06:43,416 - INFO - allennlp.common.params - trainer.grad_clipping = None
2019-04-13 21:06:43,416 - INFO - allennlp.common.params - trainer.learning_rate_scheduler = None
2019-04-13 21:06:43,416 - INFO - allennlp.common.params - trainer.momentum_scheduler = None
2019-04-13 21:06:43,416 - INFO - allennlp.common.params - trainer.optimizer.type = sgd
2019-04-13 21:06:43,416 - INFO - allennlp.common.params - trainer.optimizer.parameter_groups = None
2019-04-13 21:06:43,416 - INFO - allennlp.training.optimizers - Number of trainable parameters: 810
2019-04-13 21:06:43,416 - INFO - allennlp.common.params - trainer.optimizer.infer_type_and_cast = True
2019-04-13 21:06:43,416 - INFO - allennlp.common.params - Converting Params object to dict; logging of default values will not occur when dictionary parameters are used subsequently.
2019-04-13 21:06:43,416 - INFO - allennlp.common.params - CURRENTLY DEFINED PARAMETERS: 
2019-04-13 21:06:43,416 - INFO - allennlp.common.params - trainer.optimizer.lr = 0.1
2019-04-13 21:06:43,417 - INFO - allennlp.common.params - trainer.num_serialized_models_to_keep = 20
2019-04-13 21:06:43,417 - INFO - allennlp.common.params - trainer.keep_serialized_model_every_num_seconds = None
2019-04-13 21:06:43,417 - INFO - allennlp.common.params - trainer.model_save_interval = None
2019-04-13 21:06:43,417 - INFO - allennlp.common.params - trainer.summary_interval = 100
2019-04-13 21:06:43,417 - INFO - allennlp.common.params - trainer.histogram_interval = None
2019-04-13 21:06:43,417 - INFO - allennlp.common.params - trainer.should_log_parameter_statistics = True
2019-04-13 21:06:43,417 - INFO - allennlp.common.params - trainer.should_log_learning_rate = False
2019-04-13 21:06:43,417 - INFO - allennlp.common.params - trainer.log_batch_size_period = None
2019-04-13 21:06:43,465 - INFO - root - Failed to import cuda module: No module named 'caffe2.python.caffe2_pybind11_state_gpu'
2019-04-13 21:06:43,465 - INFO - root - Failed to import AMD hip module: No module named 'caffe2.python.caffe2_pybind11_state_hip'
2019-04-13 21:06:43,465 - WARNING - root - This caffe2 python run does not have GPU support. Will run in CPU only mode.
2019-04-13 21:06:43,474 - INFO - allennlp.training.trainer - Beginning training.
2019-04-13 21:06:43,474 - INFO - allennlp.training.trainer - Epoch 0/9
2019-04-13 21:06:43,474 - INFO - allennlp.training.trainer - Peak CPU memory usage MB: 310.752
2019-04-13 21:06:43,495 - INFO - allennlp.training.trainer - Training
2019-04-13 21:07:17,112 - INFO - allennlp.training.trainer - Validating
2019-04-13 21:07:27,585 - INFO - allennlp.training.tensorboard_writer -                   Training |  Validation
2019-04-13 21:07:27,586 - INFO - allennlp.training.tensorboard_writer - loss          |     1.407  |     1.226
2019-04-13 21:07:27,586 - INFO - allennlp.training.tensorboard_writer - cpu_memory_MB |   310.752  |       N/A
2019-04-13 21:07:27,587 - INFO - allennlp.training.checkpointer - Best validation performance so far. Copying weights to 'serialzation/best.th'.
2019-04-13 21:07:27,587 - INFO - allennlp.training.trainer - Epoch duration: 00:00:44
2019-04-13 21:07:27,587 - INFO - allennlp.training.trainer - Estimated training time remaining: 0:06:37
2019-04-13 21:07:27,587 - INFO - allennlp.training.trainer - Epoch 1/9
2019-04-13 21:07:27,587 - INFO - allennlp.training.trainer - Peak CPU memory usage MB: 351.856
2019-04-13 21:07:27,601 - INFO - allennlp.training.trainer - Training
2019-04-13 21:08:04,918 - INFO - allennlp.training.trainer - Validating
2019-04-13 21:08:15,087 - INFO - allennlp.training.tensorboard_writer -                   Training |  Validation
2019-04-13 21:08:15,087 - INFO - allennlp.training.tensorboard_writer - loss          |     1.177  |     1.145
2019-04-13 21:08:15,087 - INFO - allennlp.training.tensorboard_writer - cpu_memory_MB |   351.856  |       N/A
2019-04-13 21:08:15,088 - INFO - allennlp.training.checkpointer - Best validation performance so far. Copying weights to 'serialzation/best.th'.
2019-04-13 21:08:15,088 - INFO - allennlp.training.trainer - Epoch duration: 00:00:47
2019-04-13 21:08:15,088 - INFO - allennlp.training.trainer - Estimated training time remaining: 0:06:06
2019-04-13 21:08:15,089 - INFO - allennlp.training.trainer - Epoch 2/9
2019-04-13 21:08:15,089 - INFO - allennlp.training.trainer - Peak CPU memory usage MB: 352.04
2019-04-13 21:08:15,105 - INFO - allennlp.training.trainer - Training
2019-04-13 21:08:50,644 - INFO - allennlp.training.trainer - Validating
2019-04-13 21:09:00,889 - INFO - allennlp.training.tensorboard_writer -                   Training |  Validation
2019-04-13 21:09:00,890 - INFO - allennlp.training.tensorboard_writer - loss          |     1.119  |     1.095
2019-04-13 21:09:00,890 - INFO - allennlp.training.tensorboard_writer - cpu_memory_MB |   352.040  |       N/A
2019-04-13 21:09:00,891 - INFO - allennlp.training.checkpointer - Best validation performance so far. Copying weights to 'serialzation/best.th'.
2019-04-13 21:09:00,891 - INFO - allennlp.training.trainer - Epoch duration: 00:00:45
2019-04-13 21:09:00,891 - INFO - allennlp.training.trainer - Estimated training time remaining: 0:05:20
2019-04-13 21:09:00,891 - INFO - allennlp.training.trainer - Epoch 3/9
2019-04-13 21:09:00,891 - INFO - allennlp.training.trainer - Peak CPU memory usage MB: 352.2
2019-04-13 21:09:00,905 - INFO - allennlp.training.trainer - Training
2019-04-13 21:09:35,626 - INFO - allennlp.training.trainer - Validating
2019-04-13 21:09:45,672 - INFO - allennlp.training.tensorboard_writer -                   Training |  Validation
2019-04-13 21:09:45,672 - INFO - allennlp.training.tensorboard_writer - loss          |     1.094  |     1.069
2019-04-13 21:09:45,673 - INFO - allennlp.training.tensorboard_writer - cpu_memory_MB |   352.200  |       N/A
2019-04-13 21:09:45,674 - INFO - allennlp.training.checkpointer - Best validation performance so far. Copying weights to 'serialzation/best.th'.
2019-04-13 21:09:45,674 - INFO - allennlp.training.trainer - Epoch duration: 00:00:44
2019-04-13 21:09:45,674 - INFO - allennlp.training.trainer - Estimated training time remaining: 0:04:33
2019-04-13 21:09:45,674 - INFO - allennlp.training.trainer - Epoch 4/9
2019-04-13 21:09:45,674 - INFO - allennlp.training.trainer - Peak CPU memory usage MB: 352.216
2019-04-13 21:09:45,687 - INFO - allennlp.training.trainer - Training
2019-04-13 21:10:21,319 - INFO - allennlp.training.trainer - Validating
2019-04-13 21:10:31,855 - INFO - allennlp.training.tensorboard_writer -                   Training |  Validation
2019-04-13 21:10:31,855 - INFO - allennlp.training.tensorboard_writer - loss          |     1.079  |     1.055
2019-04-13 21:10:31,855 - INFO - allennlp.training.tensorboard_writer - cpu_memory_MB |   352.216  |       N/A
2019-04-13 21:10:31,856 - INFO - allennlp.training.checkpointer - Best validation performance so far. Copying weights to 'serialzation/best.th'.
2019-04-13 21:10:31,856 - INFO - allennlp.training.trainer - Epoch duration: 00:00:46
2019-04-13 21:10:31,856 - INFO - allennlp.training.trainer - Estimated training time remaining: 0:03:48
2019-04-13 21:10:31,856 - INFO - allennlp.training.trainer - Epoch 5/9
2019-04-13 21:10:31,857 - INFO - allennlp.training.trainer - Peak CPU memory usage MB: 352.232
2019-04-13 21:10:31,874 - INFO - allennlp.training.trainer - Training
2019-04-13 21:11:08,409 - INFO - allennlp.training.trainer - Validating
2019-04-13 21:11:19,273 - INFO - allennlp.training.tensorboard_writer -                   Training |  Validation
2019-04-13 21:11:19,273 - INFO - allennlp.training.tensorboard_writer - loss          |     1.068  |     1.052
2019-04-13 21:11:19,274 - INFO - allennlp.training.tensorboard_writer - cpu_memory_MB |   352.232  |       N/A
2019-04-13 21:11:19,275 - INFO - allennlp.training.checkpointer - Best validation performance so far. Copying weights to 'serialzation/best.th'.
2019-04-13 21:11:19,275 - INFO - allennlp.training.trainer - Epoch duration: 00:00:47
2019-04-13 21:11:19,275 - INFO - allennlp.training.trainer - Estimated training time remaining: 0:03:03
2019-04-13 21:11:19,275 - INFO - allennlp.training.trainer - Epoch 6/9
2019-04-13 21:11:19,275 - INFO - allennlp.training.trainer - Peak CPU memory usage MB: 352.232
2019-04-13 21:11:19,290 - INFO - allennlp.training.trainer - Training
2019-04-13 21:11:55,498 - INFO - allennlp.training.trainer - Validating
2019-04-13 21:12:05,820 - INFO - allennlp.training.tensorboard_writer -                   Training |  Validation
2019-04-13 21:12:05,821 - INFO - allennlp.training.tensorboard_writer - loss          |     1.069  |     1.047
2019-04-13 21:12:05,821 - INFO - allennlp.training.tensorboard_writer - cpu_memory_MB |   352.232  |       N/A
2019-04-13 21:12:05,822 - INFO - allennlp.training.checkpointer - Best validation performance so far. Copying weights to 'serialzation/best.th'.
2019-04-13 21:12:05,822 - INFO - allennlp.training.trainer - Epoch duration: 00:00:46
2019-04-13 21:12:05,822 - INFO - allennlp.training.trainer - Estimated training time remaining: 0:02:18
2019-04-13 21:12:05,822 - INFO - allennlp.training.trainer - Epoch 7/9
2019-04-13 21:12:05,822 - INFO - allennlp.training.trainer - Peak CPU memory usage MB: 352.232
2019-04-13 21:12:05,839 - INFO - allennlp.training.trainer - Training
2019-04-13 21:12:40,770 - INFO - allennlp.training.trainer - Validating
2019-04-13 21:12:50,945 - INFO - allennlp.training.tensorboard_writer -                   Training |  Validation
2019-04-13 21:12:50,945 - INFO - allennlp.training.tensorboard_writer - loss          |     1.060  |     1.035
2019-04-13 21:12:50,945 - INFO - allennlp.training.tensorboard_writer - cpu_memory_MB |   352.232  |       N/A
2019-04-13 21:12:50,946 - INFO - allennlp.training.checkpointer - Best validation performance so far. Copying weights to 'serialzation/best.th'.
2019-04-13 21:12:50,946 - INFO - allennlp.training.trainer - Epoch duration: 00:00:45
2019-04-13 21:12:50,947 - INFO - allennlp.training.trainer - Estimated training time remaining: 0:01:31
2019-04-13 21:12:50,947 - INFO - allennlp.training.trainer - Epoch 8/9
2019-04-13 21:12:50,947 - INFO - allennlp.training.trainer - Peak CPU memory usage MB: 352.38
2019-04-13 21:12:50,961 - INFO - allennlp.training.trainer - Training
2019-04-13 21:13:28,389 - INFO - allennlp.training.trainer - Validating
2019-04-13 21:13:38,645 - INFO - allennlp.training.tensorboard_writer -                   Training |  Validation
2019-04-13 21:13:38,646 - INFO - allennlp.training.tensorboard_writer - loss          |     1.049  |     1.059
2019-04-13 21:13:38,646 - INFO - allennlp.training.tensorboard_writer - cpu_memory_MB |   352.380  |       N/A
2019-04-13 21:13:38,647 - INFO - allennlp.training.trainer - Epoch duration: 00:00:47
2019-04-13 21:13:38,647 - INFO - allennlp.training.trainer - Estimated training time remaining: 0:00:46
2019-04-13 21:13:38,647 - INFO - allennlp.training.trainer - Epoch 9/9
2019-04-13 21:13:38,647 - INFO - allennlp.training.trainer - Peak CPU memory usage MB: 352.476
2019-04-13 21:13:38,662 - INFO - allennlp.training.trainer - Training
2019-04-13 21:14:13,768 - INFO - allennlp.training.trainer - Validating
2019-04-13 21:14:23,584 - INFO - allennlp.training.tensorboard_writer -                   Training |  Validation
2019-04-13 21:14:23,584 - INFO - allennlp.training.tensorboard_writer - loss          |     1.046  |     1.048
2019-04-13 21:14:23,585 - INFO - allennlp.training.tensorboard_writer - cpu_memory_MB |   352.476  |       N/A
2019-04-13 21:14:23,586 - INFO - allennlp.training.trainer - Epoch duration: 00:00:44
2019-04-13 21:14:23,586 - INFO - allennlp.training.checkpointer - loading best weights
